[Basic Functions|Arithmetic]
ALTERA_MULT_ADD v18.1= "%t" "%w/../common/lib/megawizard.pl" --wizard:altera_mult_add  --early_gen:on --wizard_file:"%w/source/top/altera_mult_add_hw.tcl" --family_parameter:selected_device_family %f %o %h
<INFO>
<QIP_FILE_ENABLED/>
<ACCEPT_OTHER_CNX VALUE="ON"/>
<DEVICE_FAMILY SUPPORTED="NONE | Stratix V | Arria V | Cyclone V | Arria V GZ" SUPPORT_CHECK="ON" /> 
<LANGUAGES   AHDL="OFF"/>
<PINPLAN SUPPORTED="ON"/>
<ALIAS>Altera Multiply Adder</ALIAS>
<ALIAS>Altera Multiply Adder v13.0</ALIAS>
<ALIAS>Altera Multiply Adder v13.1</ALIAS>
<ALIAS>Altera Multiply Adder v14.0</ALIAS>
<ALIAS>ALTERA_MULT_ADD</ALIAS>
<ALIAS>ALTERA_MULT_ADD v14.0</ALIAS>
<ALIAS>ALTERA_MULT_ADD v14.1</ALIAS>
<ALIAS>ALTERA_MULT_ADD v15.0</ALIAS>
<ALIAS>ALTERA_MULT_ADD v15.1</ALIAS>
<ALIAS>ALTERA_MULT_ADD v16.0</ALIAS>
<ALIAS>ALTERA_MULT_ADD v16.1</ALIAS>
</INFO>
