[Interface Protocols|Transceiver PHY]
Deterministic Latency PHY Intel FPGA IP = "%t" "%w/../../common/lib/megawizard.pl" --wizard_file:"%w/altera_xcvr_det_latency_hw.tcl" --wizard:altera_xcvr_det_latency --familyparameter:DEVICE_FAMILY --cusp_ip:true --early_gen:on  %f %o %h
<INFO>
<QIP_FILE_ENABLED/>
<ACCEPT_OTHER_CNX VALUE="ON"/>
<VISIBILITY FOR_CREATE="ON"/>
<DEVICE_FAMILY   SUPPORTED="NONE | Stratix V | Arria V | Cyclone V | Arria V GZ"   SUPPORT_CHECK="ON" /> 
<LANGUAGES   AHDL="OFF" />
<PINPLAN SUPPORTED="ON"/>
<ALIAS>Deterministic Latency PHY v11.1</ALIAS>
<ALIAS>Deterministic Latency PHY v12.0</ALIAS>
<ALIAS>Deterministic Latency PHY v12.1</ALIAS>
<ALIAS>Deterministic Latency PHY v13.0</ALIAS>
<ALIAS>Deterministic Latency PHY v13.1</ALIAS>
<ALIAS>Deterministic Latency PHY v14.0</ALIAS>
<ALIAS>Deterministic Latency PHY v14.1</ALIAS>
<ALIAS>Deterministic Latency PHY v15.0</ALIAS>
<ALIAS>Deterministic Latency PHY v15.1</ALIAS>
<ALIAS>Deterministic Latency PHY v16.0</ALIAS>
<ALIAS>Deterministic Latency PHY v16.1</ALIAS>
<ALIAS>Deterministic Latency PHY v17.0</ALIAS>
<ALIAS>Deterministic Latency PHY v17.1</ALIAS>
<ALIAS>Deterministic Latency PHY v18.0</ALIAS>
<ALIAS>Deterministic Latency PHY Intel FPGA IP v18.0</ALIAS>
</INFO>
