13:21:07 **** Incremental Build of configuration Default for project app ****
/usr/bin/gmake -j all 
-- Configuring done (0.0s)
-- Generating done (0.0s)
-- Build files have been written to: /home/rissun57/Desktop/Git/Digital-Image-Processing_V1.0/NiosV/Lab1/software/app/build/Default
[  1%] Building ASM object hal_bsp/CMakeFiles/hal2_bsp.dir/HAL/src/alt_ecc_exception_entry.S.obj
[  2%] Building ASM object hal_bsp/CMakeFiles/hal2_bsp.dir/HAL/src/alt_mcount.S.obj
[  3%] Building ASM object hal_bsp/CMakeFiles/hal2_bsp.dir/HAL/src/alt_log_macro.S.obj
[  4%] Building ASM object hal_bsp/CMakeFiles/hal2_bsp.dir/HAL/src/crt0.S.obj
[  5%] Building ASM object hal_bsp/CMakeFiles/hal2_bsp.dir/HAL/src/alt_vic_vector_table.S.obj
[  6%] Building C object hal_bsp/CMakeFiles/hal2_bsp.dir/HAL/src/alt_alarm_start.c.obj
[  7%] Building ASM object hal_bsp/CMakeFiles/hal2_bsp.dir/HAL/src/machine_trap.S.obj
[  8%] Building C object hal_bsp/CMakeFiles/hal2_bsp.dir/HAL/src/alt_close.c.obj
[  9%] Building C object hal_bsp/CMakeFiles/hal2_bsp.dir/HAL/src/alt_busy_sleep.c.obj
[ 10%] Building C object hal_bsp/CMakeFiles/hal2_bsp.dir/HAL/src/alt_dcache_flush.c.obj
[ 11%] Building C object hal_bsp/CMakeFiles/hal2_bsp.dir/HAL/src/alt_dcache_flush_no_writeback.c.obj
[ 12%] Building C object hal_bsp/CMakeFiles/hal2_bsp.dir/HAL/src/alt_dev.c.obj
[ 13%] Building C object hal_bsp/CMakeFiles/hal2_bsp.dir/HAL/src/alt_dma_rxchan_open.c.obj
[ 14%] Building C object hal_bsp/CMakeFiles/hal2_bsp.dir/HAL/src/alt_dcache_flush_all.c.obj
[ 15%] Building C object hal_bsp/CMakeFiles/hal2_bsp.dir/HAL/src/alt_dma_txchan_open.c.obj
[ 16%] Building C object hal_bsp/CMakeFiles/hal2_bsp.dir/HAL/src/alt_fcntl.c.obj
[ 17%] Building C object hal_bsp/CMakeFiles/hal2_bsp.dir/HAL/src/alt_exit.c.obj
[ 18%] Building C object hal_bsp/CMakeFiles/hal2_bsp.dir/HAL/src/alt_fd_lock.c.obj
[ 19%] Building C object hal_bsp/CMakeFiles/hal2_bsp.dir/HAL/src/alt_ecc_error_inject.c.obj
[ 20%] Building C object hal_bsp/CMakeFiles/hal2_bsp.dir/HAL/src/alt_ecc_exception.c.obj
[ 21%] Building C object hal_bsp/CMakeFiles/hal2_bsp.dir/HAL/src/alt_find_file.c.obj
[ 23%] Building C object hal_bsp/CMakeFiles/hal2_bsp.dir/HAL/src/alt_fd_unlock.c.obj
[ 22%] Building C object hal_bsp/CMakeFiles/hal2_bsp.dir/HAL/src/alt_find_dev.c.obj
[ 24%] Building C object hal_bsp/CMakeFiles/hal2_bsp.dir/HAL/src/alt_flash_dev.c.obj
[ 25%] Building C object hal_bsp/CMakeFiles/hal2_bsp.dir/HAL/src/alt_fstat.c.obj
[ 26%] Building C object hal_bsp/CMakeFiles/hal2_bsp.dir/HAL/src/alt_get_fd.c.obj
[ 27%] Building C object hal_bsp/CMakeFiles/hal2_bsp.dir/HAL/src/alt_gmon.c.obj
[ 28%] Building C object hal_bsp/CMakeFiles/hal2_bsp.dir/HAL/src/alt_icache_flush.c.obj
[ 29%] Building C object hal_bsp/CMakeFiles/hal2_bsp.dir/HAL/src/alt_fs_reg.c.obj
[ 30%] Building C object hal_bsp/CMakeFiles/hal2_bsp.dir/HAL/src/alt_iic.c.obj
[ 31%] Building C object hal_bsp/CMakeFiles/hal2_bsp.dir/HAL/src/alt_icache_flush_all.c.obj
[ 32%] Building C object hal_bsp/CMakeFiles/hal2_bsp.dir/HAL/src/alt_iic_isr_register.c.obj
[ 34%] Building C object hal_bsp/CMakeFiles/hal2_bsp.dir/HAL/src/alt_ioctl.c.obj
[ 35%] Building C object hal_bsp/CMakeFiles/hal2_bsp.dir/HAL/src/alt_instruction_exception_register.c.obj
[ 37%] Building C object hal_bsp/CMakeFiles/hal2_bsp.dir/HAL/src/alt_irq_handler.c.obj
[ 37%] Building C object hal_bsp/CMakeFiles/hal2_bsp.dir/HAL/src/alt_io_redirect.c.obj
[ 38%] Building C object hal_bsp/CMakeFiles/hal2_bsp.dir/HAL/src/alt_isatty.c.obj
[ 39%] Building C object hal_bsp/CMakeFiles/hal2_bsp.dir/HAL/src/alt_lseek.c.obj
[ 40%] Building C object hal_bsp/CMakeFiles/hal2_bsp.dir/HAL/src/alt_open.c.obj
[ 41%] Building C object hal_bsp/CMakeFiles/hal2_bsp.dir/HAL/src/alt_main.c.obj
[ 42%] Building C object hal_bsp/CMakeFiles/hal2_bsp.dir/HAL/src/alt_tick.c.obj
[ 43%] Building C object hal_bsp/CMakeFiles/hal2_bsp.dir/HAL/src/alt_vic_isr_wrapper.c.obj
[ 44%] Building C object hal_bsp/CMakeFiles/hal2_bsp.dir/HAL/src/alt_release_fd.c.obj
[ 45%] Building C object hal_bsp/CMakeFiles/hal2_bsp.dir/HAL/src/intel_fpga_api_cmn_dfl.c.obj
[ 46%] Building C object hal_bsp/CMakeFiles/hal2_bsp.dir/HAL/src/alt_read.c.obj
[ 47%] Building C object hal_bsp/CMakeFiles/hal2_bsp.dir/HAL/src/alt_write.c.obj
[ 48%] Building C object hal_bsp/CMakeFiles/hal2_bsp.dir/HAL/src/alt_sbrk.c.obj
[ 49%] Building C object hal_bsp/CMakeFiles/hal2_bsp.dir/HAL/src/intel_fpga_api_cmn_inf.c.obj
[ 50%] Building C object hal_bsp/CMakeFiles/hal2_bsp.dir/HAL/src/intel_fpga_api_cmn_msg.c.obj
[ 51%] Building C object hal_bsp/CMakeFiles/hal2_bsp.dir/HAL/src/intel_niosv_irq.c.obj
[ 52%] Building C object hal_bsp/CMakeFiles/hal2_bsp.dir/HAL/src/mtimer.c.obj
[ 53%] Building C object hal_bsp/CMakeFiles/hal2_bsp.dir/HAL/src/intel_fpga_platform_api_niosv.c.obj
[ 54%] Building C object hal_bsp/CMakeFiles/hal2_bsp.dir/HAL/src/intel_fpga_api_niosv.c.obj
[ 55%] Building C object hal_bsp/CMakeFiles/hal2_bsp.dir/alt_sys_init.c.obj
[ 56%] Building C object hal_bsp/CMakeFiles/hal2_bsp.dir/drivers/src/altera_avalon_jtag_uart_init.c.obj
[ 57%] Building C object hal_bsp/CMakeFiles/hal2_bsp.dir/drivers/src/altera_avalon_jtag_uart_fd.c.obj
[ 58%] Building C object hal_bsp/CMakeFiles/hal2_bsp.dir/drivers/src/altera_avalon_jtag_uart_read.c.obj
[ 59%] Building C object hal_bsp/CMakeFiles/hal2_bsp.dir/drivers/src/altera_avalon_jtag_uart_ioctl.c.obj
[ 60%] Building C object hal_bsp/CMakeFiles/hal2_bsp.dir/drivers/src/altera_avalon_jtag_uart_write.c.obj
[ 61%] Linking C static library libhal2_bsp.a
[ 94%] Built target hal2_bsp
[ 95%] Linking C executable hello.elf
[ 96%] Built target hello.elf
[ 97%] Creating hello.elf.objdump.
[ 98%] Creating RAM.hex.
gmake[2]: elf2hex: No such file or directory
gmake[2]: *** [CMakeFiles/create-hex.dir/build.make:73: RAM.hex] Error 127
gmake[1]: *** [CMakeFiles/Makefile2:211: CMakeFiles/create-hex.dir/all] Error 2
[100%] Reporting memory available for stack + heap in hello.elf.
gmake[1]: *** Waiting for unfinished jobs....
gmake[2]: niosv-stack-report: No such file or directory
gmake[2]: *** [CMakeFiles/niosv-stack-report.dir/build.make:73: hello.elf.stack_report] Error 127
gmake[1]: *** [CMakeFiles/Makefile2:180: CMakeFiles/niosv-stack-report.dir/all] Error 2
[100%] Built target create-objdump
gmake: *** [Makefile:91: all] Error 2
"/usr/bin/gmake -j all" terminated with exit code 2. Build might be incomplete.

13:21:08 Build Failed. 6 errors, 0 warnings. (took 968ms)

