[Interface Protocols|Audio & Video]
Audio Extract Intel FPGA IP v18.1 = "%t" "%w/../../common/lib/megawizard.pl" --wizard_file:"%w/audio_extract_hw.tcl" --early_gen:on --wizard:audio_extract --family_parameter:FAMILY  %f %o %h
<INFO>
<QIP_FILE_ENABLED/>
<ACCEPT_OTHER_CNX VALUE="ON"/>
<DEVICE_FAMILY SUPPORTED="NONE | Stratix | Stratix GX | Stratix II | Stratix II GX | Stratix III | Stratix IV | Stratix V | Arria GX | Arria II GX | Arria II GZ | Arria V | Arria V GZ | HardCopy IV | Cyclone | Cyclone II | Cyclone III | Cyclone III LS | Cyclone IV E | Cyclone IV GX | Cyclone V" SUPPORT_CHECK="ON" />
<LANGUAGES AHDL="OFF" />
<PINPLAN SUPPORTED="OFF"/>
<ALIAS> SDI </ALIAS>
<ALIAS> Audio Extract v12.1</ALIAS>
<ALIAS> Audio Extract v13.0</ALIAS>
<ALIAS> Audio Extract v13.1</ALIAS>
<ALIAS> Audio Extract v14.0</ALIAS>
<ALIAS> Audio Extract v14.1</ALIAS>
<ALIAS> Audio Extract v15.0</ALIAS>
<ALIAS> Audio Extract v15.0.2</ALIAS>
<ALIAS> Audio Extract v15.1</ALIAS>
<ALIAS> Audio Extract v16.0</ALIAS>
<ALIAS> Audio Extract v16.1</ALIAS>
<ALIAS> Audio Extract v17.0</ALIAS>
<ALIAS> Intel FPGA Audio Extract v17.1</ALIAS>
<ALIAS> Audio Extract Intel FPGA IP v18.0</ALIAS>
</INFO>
