[Interface Protocols|Audio & Video]
Audio Embed Intel FPGA IP v18.1 = "%t" "%w/../../common/lib/megawizard.pl" --wizard_file:"%w/audio_embed_hw.tcl" --early_gen:on --wizard:audio_embed --family_parameter:FAMILY %f %o %h
<INFO>
<QIP_FILE_ENABLED/>
<ACCEPT_OTHER_CNX VALUE="ON"/>
<DEVICE_FAMILY SUPPORTED="NONE | Stratix | Stratix GX | Stratix II | Stratix II GX | Stratix III | Stratix IV | Stratix V | Arria GX | Arria II GX | Arria II GZ | Arria V | Arria V GZ | HardCopy IV | Cyclone | Cyclone II | Cyclone III | Cyclone III LS | Cyclone IV E | Cyclone IV GX | Cyclone V" SUPPORT_CHECK="ON" />
<LANGUAGES AHDL="OFF" />
<PINPLAN SUPPORTED="OFF"/>
<ALIAS> SDI </ALIAS>
<ALIAS> Audio Embed v12.1</ALIAS>
<ALIAS> Audio Embed v13.0</ALIAS>
<ALIAS> Audio Embed v13.1</ALIAS>
<ALIAS> Audio Embed v14.0</ALIAS>
<ALIAS> Audio Embed v14.1</ALIAS>
<ALIAS> Audio Embed v15.0</ALIAS>
<ALIAS> Audio Embed v15.1</ALIAS>
<ALIAS> Audio Embed v16.0</ALIAS>
<ALIAS> Audio Embed v16.1</ALIAS>
<ALIAS> Audio Embed v17.0</ALIAS>
<ALIAS> Intel FPGA Audio Embed v17.1</ALIAS>
<ALIAS> Audio Embed Intel FPGA IP v18.0</ALIAS>
</INFO>
