19:46:00 Buildscript generation: hal_bsp::Default in /home/rissun57/Desktop/Git/Digital-Image-Processing_V1.0/NiosV/Lab4/software/hal_bsp/build/Default
cmake -DCMAKE_EXPORT_COMPILE_COMMANDS:BOOL=ON -G "Unix Makefiles" /home/rissun57/Desktop/Git/Digital-Image-Processing_V1.0/NiosV/Lab4/software/hal_bsp 
-- Defaulting build type to Debug.
-- The C compiler identification is GNU 13.2.0
-- The CXX compiler identification is GNU 13.2.0
-- Detecting C compiler ABI info
-- Detecting C compiler ABI info - done
-- Check for working C compiler: /home/rissun57/intelFPGA_lite/24.1std/riscfree/toolchain/riscv32-unknown-elf/bin/riscv32-unknown-elf-gcc - skipped
-- Detecting C compile features
-- Detecting C compile features - done
-- Detecting CXX compiler ABI info
-- Detecting CXX compiler ABI info - done
-- Check for working CXX compiler: /home/rissun57/intelFPGA_lite/24.1std/riscfree/toolchain/riscv32-unknown-elf/bin/riscv32-unknown-elf-g++ - skipped
-- Detecting CXX compile features
-- Detecting CXX compile features - done
-- The ASM compiler identification is GNU
-- Found assembler: /home/rissun57/intelFPGA_lite/24.1std/riscfree/toolchain/riscv32-unknown-elf/bin/riscv32-unknown-elf-gcc
-- Configuring done (0.3s)
-- Generating done (0.0s)
-- Build files have been written to: /home/rissun57/Desktop/Git/Digital-Image-Processing_V1.0/NiosV/Lab4/software/hal_bsp/build/Default
19:46:00 Buildscript generation finished (took 400 ms)
19:46:00 **** Build of configuration Default for project hal_bsp ****
/usr/bin/gmake -j all 
[  1%] Building ASM object CMakeFiles/hal2_bsp.dir/HAL/src/alt_log_macro.S.obj
[  2%] Building ASM object CMakeFiles/hal2_bsp.dir/HAL/src/alt_ecc_exception_entry.S.obj
[  4%] Building ASM object CMakeFiles/hal2_bsp.dir/HAL/src/alt_mcount.S.obj
[  4%] Building ASM object CMakeFiles/hal2_bsp.dir/HAL/src/alt_vic_vector_table.S.obj
[  5%] Building ASM object CMakeFiles/hal2_bsp.dir/HAL/src/crt0.S.obj
[  6%] Building C object CMakeFiles/hal2_bsp.dir/HAL/src/alt_alarm_start.c.obj
[  7%] Building ASM object CMakeFiles/hal2_bsp.dir/HAL/src/machine_trap.S.obj
[  8%] Building C object CMakeFiles/hal2_bsp.dir/HAL/src/alt_close.c.obj
[  9%] Building C object CMakeFiles/hal2_bsp.dir/HAL/src/alt_busy_sleep.c.obj
[ 11%] Building C object CMakeFiles/hal2_bsp.dir/HAL/src/alt_dcache_flush.c.obj
[ 12%] Building C object CMakeFiles/hal2_bsp.dir/HAL/src/alt_dma_txchan_open.c.obj
[ 13%] Building C object CMakeFiles/hal2_bsp.dir/HAL/src/alt_dev_llist_insert.c.obj
[ 10%] Building C object CMakeFiles/hal2_bsp.dir/HAL/src/alt_dev.c.obj
[ 15%] Building C object CMakeFiles/hal2_bsp.dir/HAL/src/alt_dma_rxchan_open.c.obj
[ 16%] Building C object CMakeFiles/hal2_bsp.dir/HAL/src/alt_dcache_flush_all.c.obj
[ 17%] Building C object CMakeFiles/hal2_bsp.dir/HAL/src/alt_dcache_flush_no_writeback.c.obj
[ 18%] Building C object CMakeFiles/hal2_bsp.dir/HAL/src/alt_ecc_exception.c.obj
[ 19%] Building C object CMakeFiles/hal2_bsp.dir/HAL/src/alt_do_dtors.c.obj
[ 20%] Building C object CMakeFiles/hal2_bsp.dir/HAL/src/alt_do_ctors.c.obj
[ 21%] Building C object CMakeFiles/hal2_bsp.dir/HAL/src/alt_ecc_error_inject.c.obj
[ 22%] Building C object CMakeFiles/hal2_bsp.dir/HAL/src/alt_env_lock.c.obj
[ 23%] Building C object CMakeFiles/hal2_bsp.dir/HAL/src/alt_environ.c.obj
[ 24%] Building C object CMakeFiles/hal2_bsp.dir/HAL/src/alt_errno.c.obj
[ 25%] Building C object CMakeFiles/hal2_bsp.dir/HAL/src/alt_fd_lock.c.obj
[ 26%] Building C object CMakeFiles/hal2_bsp.dir/HAL/src/alt_exit.c.obj
[ 27%] Building C object CMakeFiles/hal2_bsp.dir/HAL/src/alt_execve.c.obj
[ 29%] Building C object CMakeFiles/hal2_bsp.dir/HAL/src/alt_fcntl.c.obj
[ 30%] Building C object CMakeFiles/hal2_bsp.dir/HAL/src/alt_fs_reg.c.obj
[ 31%] Building C object CMakeFiles/hal2_bsp.dir/HAL/src/alt_fork.c.obj
[ 32%] Building C object CMakeFiles/hal2_bsp.dir/HAL/src/alt_flash_dev.c.obj
[ 33%] Building C object CMakeFiles/hal2_bsp.dir/HAL/src/alt_find_dev.c.obj
[ 34%] Building C object CMakeFiles/hal2_bsp.dir/HAL/src/alt_fd_unlock.c.obj
[ 35%] Building C object CMakeFiles/hal2_bsp.dir/HAL/src/alt_get_fd.c.obj
[ 36%] Building C object CMakeFiles/hal2_bsp.dir/HAL/src/alt_find_file.c.obj
[ 37%] Building C object CMakeFiles/hal2_bsp.dir/HAL/src/alt_fstat.c.obj
[ 38%] Building C object CMakeFiles/hal2_bsp.dir/HAL/src/alt_iic_isr_register.c.obj
[ 39%] Building C object CMakeFiles/hal2_bsp.dir/HAL/src/alt_getpid.c.obj
[ 40%] Building C object CMakeFiles/hal2_bsp.dir/HAL/src/alt_gettod.c.obj
[ 41%] Building C object CMakeFiles/hal2_bsp.dir/HAL/src/alt_gmon.c.obj
[ 43%] Building C object CMakeFiles/hal2_bsp.dir/HAL/src/alt_getchar.c.obj
[ 44%] Building C object CMakeFiles/hal2_bsp.dir/HAL/src/alt_icache_flush.c.obj
[ 45%] Building C object CMakeFiles/hal2_bsp.dir/HAL/src/alt_instruction_exception_register.c.obj
[ 46%] Building C object CMakeFiles/hal2_bsp.dir/HAL/src/alt_iic.c.obj
[ 47%] Building C object CMakeFiles/hal2_bsp.dir/HAL/src/alt_io_redirect.c.obj
[ 48%] Building C object CMakeFiles/hal2_bsp.dir/HAL/src/alt_icache_flush_all.c.obj
[ 49%] Building C object CMakeFiles/hal2_bsp.dir/HAL/src/alt_ioctl.c.obj
[ 50%] Building C object CMakeFiles/hal2_bsp.dir/HAL/src/alt_irq_handler.c.obj
[ 51%] Building C object CMakeFiles/hal2_bsp.dir/HAL/src/alt_isatty.c.obj
[ 52%] Building C object CMakeFiles/hal2_bsp.dir/HAL/src/alt_kill.c.obj
[ 53%] Building C object CMakeFiles/hal2_bsp.dir/HAL/src/alt_link.c.obj
[ 54%] Building C object CMakeFiles/hal2_bsp.dir/HAL/src/alt_log_printf.c.obj
[ 55%] Building C object CMakeFiles/hal2_bsp.dir/HAL/src/alt_load.c.obj
[ 56%] Building C object CMakeFiles/hal2_bsp.dir/HAL/src/alt_main.c.obj
[ 58%] Building C object CMakeFiles/hal2_bsp.dir/HAL/src/alt_lseek.c.obj
[ 59%] Building C object CMakeFiles/hal2_bsp.dir/HAL/src/alt_malloc_lock.c.obj
[ 60%] Building C object CMakeFiles/hal2_bsp.dir/HAL/src/alt_open.c.obj
[ 62%] Building C object CMakeFiles/hal2_bsp.dir/HAL/src/alt_printf.c.obj
[ 62%] Building C object CMakeFiles/hal2_bsp.dir/HAL/src/alt_putcharbuf.c.obj
[ 63%] Building C object CMakeFiles/hal2_bsp.dir/HAL/src/alt_read.c.obj
[ 65%] Building C object CMakeFiles/hal2_bsp.dir/HAL/src/alt_putstr.c.obj
[ 65%] Building C object CMakeFiles/hal2_bsp.dir/HAL/src/alt_putchar.c.obj
[ 66%] Building C object CMakeFiles/hal2_bsp.dir/HAL/src/alt_release_fd.c.obj
[ 67%] Building C object CMakeFiles/hal2_bsp.dir/HAL/src/alt_remap_cached.c.obj
[ 68%] Building C object CMakeFiles/hal2_bsp.dir/HAL/src/alt_remap_uncached.c.obj
[ 69%] Building C object CMakeFiles/hal2_bsp.dir/HAL/src/alt_rename.c.obj
[ 72%] Building C object CMakeFiles/hal2_bsp.dir/HAL/src/alt_times.c.obj
[ 73%] Building C object CMakeFiles/hal2_bsp.dir/HAL/src/alt_uncached_malloc.c.obj
[ 74%] Building C object CMakeFiles/hal2_bsp.dir/HAL/src/alt_unlink.c.obj
[ 70%] Building C object CMakeFiles/hal2_bsp.dir/HAL/src/alt_uncached_free.c.obj
[ 76%] Building C object CMakeFiles/hal2_bsp.dir/HAL/src/alt_settod.c.obj
[ 76%] Building C object CMakeFiles/hal2_bsp.dir/HAL/src/alt_sbrk.c.obj
[ 77%] Building C object CMakeFiles/hal2_bsp.dir/HAL/src/intel_fpga_api_cmn_dfl.c.obj
[ 78%] Building C object CMakeFiles/hal2_bsp.dir/HAL/src/alt_write.c.obj
[ 79%] Building C object CMakeFiles/hal2_bsp.dir/HAL/src/alt_tick.c.obj
[ 80%] Building C object CMakeFiles/hal2_bsp.dir/HAL/src/alt_wait.c.obj
[ 81%] Building C object CMakeFiles/hal2_bsp.dir/HAL/src/alt_stat.c.obj
[ 83%] Building C object CMakeFiles/hal2_bsp.dir/HAL/src/alt_usleep.c.obj
[ 82%] Building C object CMakeFiles/hal2_bsp.dir/HAL/src/alt_tls.c.obj
[ 84%] Building C object CMakeFiles/hal2_bsp.dir/HAL/src/alt_vic_isr_wrapper.c.obj
[ 86%] Building C object CMakeFiles/hal2_bsp.dir/HAL/src/intel_fpga_api_cmn_inf.c.obj
[ 87%] Building C object CMakeFiles/hal2_bsp.dir/HAL/src/intel_fpga_platform_api_niosv.c.obj
[ 88%] Building C object CMakeFiles/hal2_bsp.dir/HAL/src/intel_fpga_api_niosv.c.obj
[ 89%] Building C object CMakeFiles/hal2_bsp.dir/HAL/src/intel_fpga_api_cmn_msg.c.obj
[ 90%] Building C object CMakeFiles/hal2_bsp.dir/alt_sys_init.c.obj
[ 91%] Building C object CMakeFiles/hal2_bsp.dir/HAL/src/intel_niosv_irq.c.obj
[ 92%] Building C object CMakeFiles/hal2_bsp.dir/HAL/src/mtimer.c.obj
[ 93%] Building C object CMakeFiles/hal2_bsp.dir/drivers/src/altera_avalon_jtag_uart_fd.c.obj
[ 94%] Building C object CMakeFiles/hal2_bsp.dir/drivers/src/altera_avalon_jtag_uart_ioctl.c.obj
[ 95%] Building C object CMakeFiles/hal2_bsp.dir/drivers/src/altera_avalon_jtag_uart_init.c.obj
[ 96%] Building C object CMakeFiles/hal2_bsp.dir/drivers/src/altera_avalon_jtag_uart_write.c.obj
[ 97%] Building C object CMakeFiles/hal2_bsp.dir/drivers/src/altera_avalon_sysid_qsys.c.obj
[ 98%] Building C object CMakeFiles/hal2_bsp.dir/drivers/src/altera_avalon_jtag_uart_read.c.obj
[100%] Linking C static library libhal2_bsp.a
[100%] Built target hal2_bsp
19:46:01 Buildscript generation: app::Default in /home/rissun57/Desktop/Git/Digital-Image-Processing_V1.0/NiosV/Lab4/software/app/build/Default
cmake -DCMAKE_EXPORT_COMPILE_COMMANDS:BOOL=ON -G "Unix Makefiles" /home/rissun57/Desktop/Git/Digital-Image-Processing_V1.0/NiosV/Lab4/software/app 
-- Defaulting build type to Debug.
-- The C compiler identification is GNU 13.2.0
-- The CXX compiler identification is GNU 13.2.0
-- Detecting C compiler ABI info
-- Detecting C compiler ABI info - done
-- Check for working C compiler: /home/rissun57/intelFPGA_lite/24.1std/riscfree/toolchain/riscv32-unknown-elf/bin/riscv32-unknown-elf-gcc - skipped
-- Detecting C compile features
-- Detecting C compile features - done
-- Detecting CXX compiler ABI info
-- Detecting CXX compiler ABI info - done
-- Check for working CXX compiler: /home/rissun57/intelFPGA_lite/24.1std/riscfree/toolchain/riscv32-unknown-elf/bin/riscv32-unknown-elf-g++ - skipped
-- Detecting CXX compile features
-- Detecting CXX compile features - done
-- The ASM compiler identification is GNU
-- Found assembler: /home/rissun57/intelFPGA_lite/24.1std/riscfree/toolchain/riscv32-unknown-elf/bin/riscv32-unknown-elf-gcc
-- Configuring done (0.4s)
-- Generating done (0.0s)
-- Build files have been written to: /home/rissun57/Desktop/Git/Digital-Image-Processing_V1.0/NiosV/Lab4/software/app/build/Default
19:46:01 Buildscript generation finished (took 537 ms)
19:46:01 **** Build of configuration Default for project app ****
/usr/bin/gmake -j all 
[  1%] Building ASM object hal_bsp/CMakeFiles/hal2_bsp.dir/HAL/src/alt_ecc_exception_entry.S.obj
[  2%] Building ASM object hal_bsp/CMakeFiles/hal2_bsp.dir/HAL/src/alt_mcount.S.obj
[  3%] Building ASM object hal_bsp/CMakeFiles/hal2_bsp.dir/HAL/src/alt_log_macro.S.obj
[  4%] Building ASM object hal_bsp/CMakeFiles/hal2_bsp.dir/HAL/src/alt_vic_vector_table.S.obj
[  5%] Building ASM object hal_bsp/CMakeFiles/hal2_bsp.dir/HAL/src/crt0.S.obj
[  6%] Building ASM object hal_bsp/CMakeFiles/hal2_bsp.dir/HAL/src/machine_trap.S.obj
[  7%] Building C object hal_bsp/CMakeFiles/hal2_bsp.dir/HAL/src/alt_alarm_start.c.obj
[  8%] Building C object hal_bsp/CMakeFiles/hal2_bsp.dir/HAL/src/alt_busy_sleep.c.obj
[  9%] Building C object hal_bsp/CMakeFiles/hal2_bsp.dir/HAL/src/alt_dcache_flush_all.c.obj
[ 10%] Building C object hal_bsp/CMakeFiles/hal2_bsp.dir/HAL/src/alt_dcache_flush_no_writeback.c.obj
[ 11%] Building C object hal_bsp/CMakeFiles/hal2_bsp.dir/HAL/src/alt_close.c.obj
[ 13%] Building C object hal_bsp/CMakeFiles/hal2_bsp.dir/HAL/src/alt_dev.c.obj
[ 12%] Building C object hal_bsp/CMakeFiles/hal2_bsp.dir/HAL/src/alt_dcache_flush.c.obj
[ 14%] Building C object hal_bsp/CMakeFiles/hal2_bsp.dir/HAL/src/alt_dev_llist_insert.c.obj
[ 15%] Building C object hal_bsp/CMakeFiles/hal2_bsp.dir/HAL/src/alt_dma_rxchan_open.c.obj
[ 16%] Building C object hal_bsp/CMakeFiles/hal2_bsp.dir/HAL/src/alt_dma_txchan_open.c.obj
[ 17%] Building C object hal_bsp/CMakeFiles/hal2_bsp.dir/HAL/src/alt_do_dtors.c.obj
[ 18%] Building C object hal_bsp/CMakeFiles/hal2_bsp.dir/HAL/src/alt_env_lock.c.obj
[ 19%] Building C object hal_bsp/CMakeFiles/hal2_bsp.dir/HAL/src/alt_environ.c.obj
[ 20%] Building C object hal_bsp/CMakeFiles/hal2_bsp.dir/HAL/src/alt_ecc_exception.c.obj
[ 21%] Building C object hal_bsp/CMakeFiles/hal2_bsp.dir/HAL/src/alt_do_ctors.c.obj
[ 22%] Building C object hal_bsp/CMakeFiles/hal2_bsp.dir/HAL/src/alt_fd_unlock.c.obj
[ 23%] Building C object hal_bsp/CMakeFiles/hal2_bsp.dir/HAL/src/alt_ecc_error_inject.c.obj
[ 24%] Building C object hal_bsp/CMakeFiles/hal2_bsp.dir/HAL/src/alt_find_dev.c.obj
[ 25%] Building C object hal_bsp/CMakeFiles/hal2_bsp.dir/HAL/src/alt_exit.c.obj
[ 26%] Building C object hal_bsp/CMakeFiles/hal2_bsp.dir/HAL/src/alt_execve.c.obj
[ 27%] Building C object hal_bsp/CMakeFiles/hal2_bsp.dir/HAL/src/alt_errno.c.obj
[ 29%] Building C object hal_bsp/CMakeFiles/hal2_bsp.dir/HAL/src/alt_fcntl.c.obj
[ 30%] Building C object hal_bsp/CMakeFiles/hal2_bsp.dir/HAL/src/alt_fd_lock.c.obj
[ 28%] Building C object hal_bsp/CMakeFiles/hal2_bsp.dir/HAL/src/alt_find_file.c.obj
[ 31%] Building C object hal_bsp/CMakeFiles/hal2_bsp.dir/HAL/src/alt_flash_dev.c.obj
[ 33%] Building C object hal_bsp/CMakeFiles/hal2_bsp.dir/HAL/src/alt_getchar.c.obj
[ 34%] Building C object hal_bsp/CMakeFiles/hal2_bsp.dir/HAL/src/alt_getpid.c.obj
[ 35%] Building C object hal_bsp/CMakeFiles/hal2_bsp.dir/HAL/src/alt_fstat.c.obj
[ 36%] Building C object hal_bsp/CMakeFiles/hal2_bsp.dir/HAL/src/alt_gettod.c.obj
[ 36%] Building C object hal_bsp/CMakeFiles/hal2_bsp.dir/HAL/src/alt_fork.c.obj
[ 37%] Building C object hal_bsp/CMakeFiles/hal2_bsp.dir/HAL/src/alt_fs_reg.c.obj
[ 39%] Building C object hal_bsp/CMakeFiles/hal2_bsp.dir/HAL/src/alt_icache_flush.c.obj
[ 38%] Building C object hal_bsp/CMakeFiles/hal2_bsp.dir/HAL/src/alt_icache_flush_all.c.obj
[ 40%] Building C object hal_bsp/CMakeFiles/hal2_bsp.dir/HAL/src/alt_gmon.c.obj
[ 41%] Building C object hal_bsp/CMakeFiles/hal2_bsp.dir/HAL/src/alt_get_fd.c.obj
[ 42%] Building C object hal_bsp/CMakeFiles/hal2_bsp.dir/HAL/src/alt_iic.c.obj
[ 43%] Building C object hal_bsp/CMakeFiles/hal2_bsp.dir/HAL/src/alt_iic_isr_register.c.obj
[ 44%] Building C object hal_bsp/CMakeFiles/hal2_bsp.dir/HAL/src/alt_instruction_exception_register.c.obj
[ 45%] Building C object hal_bsp/CMakeFiles/hal2_bsp.dir/HAL/src/alt_irq_handler.c.obj
[ 46%] Building C object hal_bsp/CMakeFiles/hal2_bsp.dir/HAL/src/alt_ioctl.c.obj
[ 48%] Building C object hal_bsp/CMakeFiles/hal2_bsp.dir/HAL/src/alt_link.c.obj
[ 47%] Building C object hal_bsp/CMakeFiles/hal2_bsp.dir/HAL/src/alt_io_redirect.c.obj
[ 50%] Building C object hal_bsp/CMakeFiles/hal2_bsp.dir/HAL/src/alt_isatty.c.obj
[ 49%] Building C object hal_bsp/CMakeFiles/hal2_bsp.dir/HAL/src/alt_log_printf.c.obj
[ 51%] Building C object hal_bsp/CMakeFiles/hal2_bsp.dir/HAL/src/alt_kill.c.obj
[ 52%] Building C object hal_bsp/CMakeFiles/hal2_bsp.dir/HAL/src/alt_lseek.c.obj
[ 53%] Building C object hal_bsp/CMakeFiles/hal2_bsp.dir/HAL/src/alt_main.c.obj
[ 54%] Building C object hal_bsp/CMakeFiles/hal2_bsp.dir/HAL/src/alt_load.c.obj
[ 55%] Building C object hal_bsp/CMakeFiles/hal2_bsp.dir/HAL/src/alt_open.c.obj
[ 56%] Building C object hal_bsp/CMakeFiles/hal2_bsp.dir/HAL/src/alt_malloc_lock.c.obj
[ 58%] Building C object hal_bsp/CMakeFiles/hal2_bsp.dir/HAL/src/alt_putcharbuf.c.obj
[ 57%] Building C object hal_bsp/CMakeFiles/hal2_bsp.dir/HAL/src/alt_putchar.c.obj
[ 60%] Building C object hal_bsp/CMakeFiles/hal2_bsp.dir/HAL/src/alt_printf.c.obj
[ 61%] Building C object hal_bsp/CMakeFiles/hal2_bsp.dir/HAL/src/alt_remap_uncached.c.obj
[ 62%] Building C object hal_bsp/CMakeFiles/hal2_bsp.dir/HAL/src/alt_read.c.obj
[ 63%] Building C object hal_bsp/CMakeFiles/hal2_bsp.dir/HAL/src/alt_settod.c.obj
[ 64%] Building C object hal_bsp/CMakeFiles/hal2_bsp.dir/HAL/src/alt_rename.c.obj
[ 65%] Building C object hal_bsp/CMakeFiles/hal2_bsp.dir/HAL/src/alt_times.c.obj
[ 66%] Building C object hal_bsp/CMakeFiles/hal2_bsp.dir/HAL/src/alt_sbrk.c.obj
[ 67%] Building C object hal_bsp/CMakeFiles/hal2_bsp.dir/HAL/src/alt_remap_cached.c.obj
[ 68%] Building C object hal_bsp/CMakeFiles/hal2_bsp.dir/HAL/src/alt_release_fd.c.obj
[ 59%] Building C object hal_bsp/CMakeFiles/hal2_bsp.dir/HAL/src/alt_putstr.c.obj
[ 69%] Building C object hal_bsp/CMakeFiles/hal2_bsp.dir/HAL/src/alt_stat.c.obj
[ 70%] Building C object hal_bsp/CMakeFiles/hal2_bsp.dir/HAL/src/alt_tick.c.obj
[ 72%] Building C object hal_bsp/CMakeFiles/hal2_bsp.dir/HAL/src/alt_usleep.c.obj
[ 72%] Building C object hal_bsp/CMakeFiles/hal2_bsp.dir/HAL/src/alt_uncached_malloc.c.obj
[ 73%] Building C object hal_bsp/CMakeFiles/hal2_bsp.dir/HAL/src/alt_vic_isr_wrapper.c.obj
[ 74%] Building C object hal_bsp/CMakeFiles/hal2_bsp.dir/HAL/src/alt_uncached_free.c.obj
[ 75%] Building C object hal_bsp/CMakeFiles/hal2_bsp.dir/HAL/src/alt_tls.c.obj
[ 76%] Building C object hal_bsp/CMakeFiles/hal2_bsp.dir/HAL/src/alt_unlink.c.obj
[ 77%] Building C object hal_bsp/CMakeFiles/hal2_bsp.dir/HAL/src/alt_write.c.obj
[ 78%] Building C object hal_bsp/CMakeFiles/hal2_bsp.dir/HAL/src/alt_wait.c.obj
[ 79%] Building C object hal_bsp/CMakeFiles/hal2_bsp.dir/HAL/src/intel_fpga_api_cmn_dfl.c.obj
[ 80%] Building C object hal_bsp/CMakeFiles/hal2_bsp.dir/HAL/src/intel_fpga_api_cmn_inf.c.obj
[ 81%] Building C object hal_bsp/CMakeFiles/hal2_bsp.dir/HAL/src/intel_fpga_platform_api_niosv.c.obj
[ 82%] Building C object hal_bsp/CMakeFiles/hal2_bsp.dir/HAL/src/intel_fpga_api_cmn_msg.c.obj
[ 83%] Building C object hal_bsp/CMakeFiles/hal2_bsp.dir/drivers/src/altera_avalon_jtag_uart_init.c.obj
[ 84%] Building C object hal_bsp/CMakeFiles/hal2_bsp.dir/alt_sys_init.c.obj
[ 85%] Building C object hal_bsp/CMakeFiles/hal2_bsp.dir/HAL/src/mtimer.c.obj
[ 86%] Building C object hal_bsp/CMakeFiles/hal2_bsp.dir/HAL/src/intel_niosv_irq.c.obj
[ 87%] Building C object hal_bsp/CMakeFiles/hal2_bsp.dir/HAL/src/intel_fpga_api_niosv.c.obj
[ 88%] Building C object hal_bsp/CMakeFiles/hal2_bsp.dir/drivers/src/altera_avalon_jtag_uart_fd.c.obj
[ 89%] Building C object hal_bsp/CMakeFiles/hal2_bsp.dir/drivers/src/altera_avalon_jtag_uart_read.c.obj
[ 90%] Building C object hal_bsp/CMakeFiles/hal2_bsp.dir/drivers/src/altera_avalon_jtag_uart_write.c.obj
[ 91%] Building C object hal_bsp/CMakeFiles/hal2_bsp.dir/drivers/src/altera_avalon_sysid_qsys.c.obj
[ 92%] Building C object hal_bsp/CMakeFiles/hal2_bsp.dir/drivers/src/altera_avalon_jtag_uart_ioctl.c.obj
[ 93%] Linking C static library libhal2_bsp.a
[ 93%] Built target hal2_bsp
[ 94%] Building C object CMakeFiles/main.elf.dir/main.c.obj
[ 95%] Linking C executable main.elf
[ 95%] Built target main.elf
[100%] Reporting memory available for stack + heap in main.elf.
[100%] Creating main.elf.objdump.
[100%] Creating RAM.hex.
[100%] Creating SDRAM.hex.
[100%] Built target create-objdump
main.elf
 * 30.02 KB - Program size (code + initialized data).
 * 8156.12 KB - Free for stack + heap.
[100%] Built target niosv-stack-report
[100%] Built target create-hex
