Info: Starting: Create block symbol file (.bsf)
Info: qsys-generate /home/rissun57/Desktop/Git/Digital-Image-Processing_V1.0/NiosV/Lab4/NiosV.qsys --block-symbol-file --output-directory=/home/rissun57/Desktop/Git/Digital-Image-Processing_V1.0/NiosV/Lab4/NiosV --family="Cyclone V" --part=5CSXFC6D6F31C6
Progress: Loading Lab4/NiosV.qsys
Progress: Reading input file
Progress: Adding CLK [clock_source 24.1]
Progress: Parameterizing module CLK
Progress: Adding JTAG_UART [altera_avalon_jtag_uart 24.1]
Progress: Parameterizing module JTAG_UART
Progress: Adding NiosV [intel_niosv_m 26.0.0]
Progress: Parameterizing module NiosV
Progress: Adding PIO_HEX_0 [altera_avalon_pio 24.1]
Progress: Parameterizing module PIO_HEX_0
Progress: Adding PIO_HEX_1 [altera_avalon_pio 24.1]
Progress: Parameterizing module PIO_HEX_1
Progress: Adding PIO_HEX_2 [altera_avalon_pio 24.1]
Progress: Parameterizing module PIO_HEX_2
Progress: Adding PIO_HEX_3 [altera_avalon_pio 24.1]
Progress: Parameterizing module PIO_HEX_3
Progress: Adding PIO_LED [altera_avalon_pio 24.1]
Progress: Parameterizing module PIO_LED
Progress: Adding PIO_SW [altera_avalon_pio 24.1]
Progress: Parameterizing module PIO_SW
Progress: Adding RAM [altera_avalon_onchip_memory2 24.1]
Progress: Parameterizing module RAM
Progress: Adding SDRAM_0 [altera_avalon_new_sdram_controller 13.1]
Progress: Parameterizing module SDRAM_0
Progress: Adding pll_0 [altera_pll 24.1]
Progress: Parameterizing module pll_0
Progress: Adding sysid_qsys_0 [altera_avalon_sysid_qsys 24.1]
Progress: Parameterizing module sysid_qsys_0
Progress: Building connections
Progress: Parameterizing connections
Progress: Validating
Progress: Done reading input file
Info: NiosV.JTAG_UART: JTAG UART IP input clock need to be at least double (2x) the operating frequency of JTAG TCK on board
Warning: NiosV.NiosV: Properties (associatedClock) have been set on interface reset - in composed mode these are ignored
Warning: NiosV.NiosV: Properties (associatedClock,associatedReset) have been set on interface instruction_manager - in composed mode these are ignored
Warning: NiosV.NiosV: Properties (associatedClock,associatedReset) have been set on interface data_manager - in composed mode these are ignored
Info: NiosV.PIO_SW: PIO inputs are not hardwired in test bench. Undefined values will be read from PIO inputs during simulation.
Info: NiosV.pll_0: The legal reference clock frequency is 5.0 MHz..800.0 MHz
Info: NiosV.pll_0: Able to implement PLL with user settings
Info: NiosV.sysid_qsys_0: System ID is not assigned automatically. Edit the System ID parameter to provide a unique ID
Info: NiosV.sysid_qsys_0: Time stamp will be automatically updated when this component is generated.
Warning: NiosV.pll_0: pll_0.locked must be exported, or connected to a matching conduit.
Info: qsys-generate succeeded.
Info: Finished: Create block symbol file (.bsf)
Info: 
Info: Starting: Create HDL design files for synthesis
Info: qsys-generate /home/rissun57/Desktop/Git/Digital-Image-Processing_V1.0/NiosV/Lab4/NiosV.qsys --synthesis=VERILOG --output-directory=/home/rissun57/Desktop/Git/Digital-Image-Processing_V1.0/NiosV/Lab4/NiosV/synthesis --family="Cyclone V" --part=5CSXFC6D6F31C6
Progress: Loading Lab4/NiosV.qsys
Progress: Reading input file
Progress: Adding CLK [clock_source 24.1]
Progress: Parameterizing module CLK
Progress: Adding JTAG_UART [altera_avalon_jtag_uart 24.1]
Progress: Parameterizing module JTAG_UART
Progress: Adding NiosV [intel_niosv_m 26.0.0]
Progress: Parameterizing module NiosV
Progress: Adding PIO_HEX_0 [altera_avalon_pio 24.1]
Progress: Parameterizing module PIO_HEX_0
Progress: Adding PIO_HEX_1 [altera_avalon_pio 24.1]
Progress: Parameterizing module PIO_HEX_1
Progress: Adding PIO_HEX_2 [altera_avalon_pio 24.1]
Progress: Parameterizing module PIO_HEX_2
Progress: Adding PIO_HEX_3 [altera_avalon_pio 24.1]
Progress: Parameterizing module PIO_HEX_3
Progress: Adding PIO_LED [altera_avalon_pio 24.1]
Progress: Parameterizing module PIO_LED
Progress: Adding PIO_SW [altera_avalon_pio 24.1]
Progress: Parameterizing module PIO_SW
Progress: Adding RAM [altera_avalon_onchip_memory2 24.1]
Progress: Parameterizing module RAM
Progress: Adding SDRAM_0 [altera_avalon_new_sdram_controller 13.1]
Progress: Parameterizing module SDRAM_0
Progress: Adding pll_0 [altera_pll 24.1]
Progress: Parameterizing module pll_0
Progress: Adding sysid_qsys_0 [altera_avalon_sysid_qsys 24.1]
Progress: Parameterizing module sysid_qsys_0
Progress: Building connections
Progress: Parameterizing connections
Progress: Validating
Progress: Done reading input file
Info: NiosV.JTAG_UART: JTAG UART IP input clock need to be at least double (2x) the operating frequency of JTAG TCK on board
Warning: NiosV.NiosV: Properties (associatedClock) have been set on interface reset - in composed mode these are ignored
Warning: NiosV.NiosV: Properties (associatedClock,associatedReset) have been set on interface instruction_manager - in composed mode these are ignored
Warning: NiosV.NiosV: Properties (associatedClock,associatedReset) have been set on interface data_manager - in composed mode these are ignored
Info: NiosV.PIO_SW: PIO inputs are not hardwired in test bench. Undefined values will be read from PIO inputs during simulation.
Info: NiosV.pll_0: The legal reference clock frequency is 5.0 MHz..800.0 MHz
Info: NiosV.pll_0: Able to implement PLL with user settings
Info: NiosV.sysid_qsys_0: System ID is not assigned automatically. Edit the System ID parameter to provide a unique ID
Info: NiosV.sysid_qsys_0: Time stamp will be automatically updated when this component is generated.
Warning: NiosV.pll_0: pll_0.locked must be exported, or connected to a matching conduit.
Info: NiosV: Generating "NiosV" for QUARTUS_SYNTH
Info: Inserting clock-crossing logic between cmd_demux.src10 and cmd_mux_010.sink0
Info: Inserting clock-crossing logic between cmd_demux_001.src10 and cmd_mux_010.sink1
Info: Inserting clock-crossing logic between cmd_demux_002.src10 and cmd_mux_010.sink2
Info: Inserting clock-crossing logic between cmd_demux_003.src10 and cmd_mux_010.sink3
Info: Inserting clock-crossing logic between rsp_demux_010.src0 and rsp_mux.sink10
Info: Inserting clock-crossing logic between rsp_demux_010.src1 and rsp_mux_001.sink10
Info: Inserting clock-crossing logic between rsp_demux_010.src2 and rsp_mux_002.sink10
Info: Inserting clock-crossing logic between rsp_demux_010.src3 and rsp_mux_003.sink10
Info: JTAG_UART: "NiosV" instantiated altera_avalon_jtag_uart "JTAG_UART"
Info: NiosV: "NiosV" instantiated intel_niosv_m "NiosV"
Info: PIO_HEX_0: Starting RTL generation for module 'NiosV_PIO_HEX_0'
Info: PIO_HEX_0:   Generation command is [exec /home/rissun57/intelFPGA_lite/24.1std/quartus/linux64/perl/bin/perl -I /home/rissun57/intelFPGA_lite/24.1std/quartus/linux64/perl/lib -I /home/rissun57/intelFPGA_lite/24.1std/quartus/sopc_builder/bin/europa -I /home/rissun57/intelFPGA_lite/24.1std/quartus/sopc_builder/bin -I /home/rissun57/intelFPGA_lite/24.1std/quartus/../ip/altera/sopc_builder_ip/common -I /home/rissun57/intelFPGA_lite/24.1std/quartus/../ip/altera/sopc_builder_ip/altera_avalon_pio -- /home/rissun57/intelFPGA_lite/24.1std/quartus/../ip/altera/sopc_builder_ip/altera_avalon_pio/generate_rtl.pl --name=NiosV_PIO_HEX_0 --dir=/tmp/alt0525_369041426680429256.dir/0008_PIO_HEX_0_gen/ --quartus_dir=/home/rissun57/intelFPGA_lite/24.1std/quartus --verilog --config=/tmp/alt0525_369041426680429256.dir/0008_PIO_HEX_0_gen//NiosV_PIO_HEX_0_component_configuration.pl  --do_build_sim=0  ]
Info: PIO_HEX_0: Done RTL generation for module 'NiosV_PIO_HEX_0'
Info: PIO_HEX_0: "NiosV" instantiated altera_avalon_pio "PIO_HEX_0"
Info: PIO_SW: Starting RTL generation for module 'NiosV_PIO_SW'
Info: PIO_SW:   Generation command is [exec /home/rissun57/intelFPGA_lite/24.1std/quartus/linux64/perl/bin/perl -I /home/rissun57/intelFPGA_lite/24.1std/quartus/linux64/perl/lib -I /home/rissun57/intelFPGA_lite/24.1std/quartus/sopc_builder/bin/europa -I /home/rissun57/intelFPGA_lite/24.1std/quartus/sopc_builder/bin -I /home/rissun57/intelFPGA_lite/24.1std/quartus/../ip/altera/sopc_builder_ip/common -I /home/rissun57/intelFPGA_lite/24.1std/quartus/../ip/altera/sopc_builder_ip/altera_avalon_pio -- /home/rissun57/intelFPGA_lite/24.1std/quartus/../ip/altera/sopc_builder_ip/altera_avalon_pio/generate_rtl.pl --name=NiosV_PIO_SW --dir=/tmp/alt0525_369041426680429256.dir/0009_PIO_SW_gen/ --quartus_dir=/home/rissun57/intelFPGA_lite/24.1std/quartus --verilog --config=/tmp/alt0525_369041426680429256.dir/0009_PIO_SW_gen//NiosV_PIO_SW_component_configuration.pl  --do_build_sim=0  ]
Info: PIO_SW: Done RTL generation for module 'NiosV_PIO_SW'
Info: PIO_SW: "NiosV" instantiated altera_avalon_pio "PIO_SW"
Info: RAM: Starting RTL generation for module 'NiosV_RAM'
Info: RAM:   Generation command is [exec /home/rissun57/intelFPGA_lite/24.1std/quartus/linux64/perl/bin/perl -I /home/rissun57/intelFPGA_lite/24.1std/quartus/linux64/perl/lib -I /home/rissun57/intelFPGA_lite/24.1std/quartus/sopc_builder/bin/europa -I /home/rissun57/intelFPGA_lite/24.1std/quartus/sopc_builder/bin -I /home/rissun57/intelFPGA_lite/24.1std/quartus/../ip/altera/sopc_builder_ip/common -I /home/rissun57/intelFPGA_lite/24.1std/quartus/../ip/altera/sopc_builder_ip/altera_avalon_onchip_memory2 -- /home/rissun57/intelFPGA_lite/24.1std/quartus/../ip/altera/sopc_builder_ip/altera_avalon_onchip_memory2/generate_rtl.pl --name=NiosV_RAM --dir=/tmp/alt0525_369041426680429256.dir/0010_RAM_gen/ --quartus_dir=/home/rissun57/intelFPGA_lite/24.1std/quartus --verilog --config=/tmp/alt0525_369041426680429256.dir/0010_RAM_gen//NiosV_RAM_component_configuration.pl  --do_build_sim=0  ]
Info: RAM: Done RTL generation for module 'NiosV_RAM'
Info: RAM: "NiosV" instantiated altera_avalon_onchip_memory2 "RAM"
Info: SDRAM_0: Starting RTL generation for module 'NiosV_SDRAM_0'
Info: SDRAM_0:   Generation command is [exec /home/rissun57/intelFPGA_lite/24.1std/quartus/linux64/perl/bin/perl -I /home/rissun57/intelFPGA_lite/24.1std/quartus/linux64/perl/lib -I /home/rissun57/intelFPGA_lite/24.1std/quartus/sopc_builder/bin/europa -I /home/rissun57/intelFPGA_lite/24.1std/quartus/sopc_builder/bin -I /home/rissun57/intelFPGA_lite/24.1std/quartus/../ip/altera/sopc_builder_ip/common -I /home/rissun57/intelFPGA_lite/24.1std/quartus/../ip/altera/sopc_builder_ip/altera_avalon_new_sdram_controller -- /home/rissun57/intelFPGA_lite/24.1std/quartus/../ip/altera/sopc_builder_ip/altera_avalon_new_sdram_controller/generate_rtl.pl --name=NiosV_SDRAM_0 --dir=/tmp/alt0525_369041426680429256.dir/0011_SDRAM_0_gen/ --quartus_dir=/home/rissun57/intelFPGA_lite/24.1std/quartus --verilog --config=/tmp/alt0525_369041426680429256.dir/0011_SDRAM_0_gen//NiosV_SDRAM_0_component_configuration.pl  --do_build_sim=0  ]
Info: SDRAM_0: Can't open perl script "/home/rissun57/intelFPGA_lite/24.1std/quartus/../ip/altera/sopc_builder_ip/altera_avalon_new_sdram_controller/generate_rtl.pl": No such file or directory
Info: SDRAM_0: Done RTL generation for module 'NiosV_SDRAM_0'
Error: SDRAM_0: Failed to find module NiosV_SDRAM_0
Info: SDRAM_0: "NiosV" instantiated altera_avalon_new_sdram_controller "SDRAM_0"
Error: Generation stopped, 12 or more modules remaining
Info: NiosV: Done "NiosV" with 16 modules, 12 files
Error: qsys-generate failed with exit code 1: 2 Errors, 4 Warnings
Info: Finished: Create HDL design files for synthesis
