[Interface Protocols|Audio & Video]
SDI II Intel FPGA IP v18.1 = "%t" "%w/../../common/lib/megawizard.pl" --wizard_file:"%w/sdi_ii_hw.tcl" --early_gen:on --wizard:sdi_ii --family_parameter:FAMILY %f %o %h
<INFO>
<QIP_FILE_ENABLED/>
<ACCEPT_OTHER_CNX VALUE="ON"/>
<DEVICE_FAMILY SUPPORTED="NONE | Stratix V | Arria V | Arria V GZ | Cyclone V" SUPPORT_CHECK="ON" />
<LANGUAGES AHDL="OFF" />
<PINPLAN SUPPORTED="OFF"/>
<ALIAS> SDI II </ALIAS>
<ALIAS> SDI II v12.1</ALIAS>
<ALIAS> SDI II v13.0</ALIAS>
<ALIAS> SDI II v13.1</ALIAS>
<ALIAS> SDI II v14.0</ALIAS>
<ALIAS> SDI II v14.0.2</ALIAS>
<ALIAS> SDI II v14.1</ALIAS>
<ALIAS> SDI II v15.0</ALIAS>
<ALIAS> SDI II v15.1</ALIAS>
<ALIAS> SDI II v15.1.1</ALIAS>
<ALIAS> SDI II v15.1.2</ALIAS>
<ALIAS> SDI II v16.0</ALIAS>
<ALIAS> SDI II v16.0.2</ALIAS>
<ALIAS> SDI II v16.1</ALIAS>
<ALIAS> SDI II v17.0</ALIAS>
<ALIAS> Intel FPGA SDI II v17.1</ALIAS>
<ALIAS> SDI II Intel FPGA IP v18.0</ALIAS>
</INFO>
