[Interface Protocols|Transceiver PHY]
Transceiver Reconfiguration Controller Intel FPGA IP = "%t" "%w/../../common/lib/megawizard.pl" --wizard:alt_xcvr_reconfig --familyparameter:device_family  --early_gen:on --wizard_file:"%w/alt_xcvr_reconfig_hw.tcl" %f %o %h
<INFO>
<QIP_FILE_ENABLED/>
<ACCEPT_OTHER_CNX VALUE="ON"/>
<DEVICE_FAMILY   SUPPORTED="NONE | family_stratixv | Arria V | Cyclone V | Arria V GZ"   SUPPORT_CHECK="ON" /> 
<LANGUAGES   AHDL="OFF" VHDL="ON"/>
<PINPLAN SUPPORTED="ON"/>
<VISIBILITY FOR_CREATE="ON"/>
<ALIAS>Transceiver Reconfiguration Controller </ALIAS>
<ALIAS>Transceiver Reconfiguration Controller v10.0</ALIAS>
<ALIAS>Transceiver Reconfiguration Controller v11.0</ALIAS>
<ALIAS>Transceiver Reconfiguration Controller v11.1</ALIAS>
<ALIAS>Transceiver Reconfiguration Controller v12.0</ALIAS>
<ALIAS>Transceiver Reconfiguration Controller v12.1</ALIAS>
<ALIAS>Transceiver Reconfiguration Controller v13.0</ALIAS>
<ALIAS>Transceiver Reconfiguration Controller v13.1</ALIAS>
<ALIAS>Transceiver Reconfiguration Controller v14.0</ALIAS>
<ALIAS>Transceiver Reconfiguration Controller v14.0.2</ALIAS>
<ALIAS>Transceiver Reconfiguration Controller v14.1</ALIAS>
<ALIAS>Transceiver Reconfiguration Controller v15.0</ALIAS>
<ALIAS>Transceiver Reconfiguration Controller v15.1</ALIAS>
<ALIAS>Transceiver Reconfiguration Controller v16.0</ALIAS>
<ALIAS>Transceiver Reconfiguration Controller v16.1</ALIAS>
<ALIAS>Transceiver Reconfiguration Controller v17.0</ALIAS>
<ALIAS>Transceiver Reconfiguration Controller v17.1</ALIAS>
<ALIAS>Transceiver Reconfiguration Controller v18.0</ALIAS>
<ALIAS>Transceiver Reconfiguration Controller Intel FPGA IP v18.0</ALIAS>
</INFO>
