[Interface Protocols|Audio & Video]
Clocked Audio Input Intel FPGA IP v18.1 = "%t" "%w/../../common/lib/megawizard.pl" --wizard_file:"%w/clocked_audio_input_hw.tcl" --early_gen:on --wizard:clocked_audio_input --family_parameter:FAMILY  %f %o %h
<INFO>
<QIP_FILE_ENABLED/>
<ACCEPT_OTHER_CNX VALUE="ON"/>
<DEVICE_FAMILY SUPPORTED="NONE | Stratix | Stratix GX | Stratix II | Stratix II GX | Stratix III | Stratix IV | Stratix V | Arria GX | Arria II GX | Arria II GZ | Arria V | Arria V GZ | HardCopy IV | Cyclone | Cyclone II | Cyclone III | Cyclone III LS | Cyclone IV E | Cyclone IV GX | Cyclone V" SUPPORT_CHECK="ON" />
<LANGUAGES AHDL="OFF" />
<PINPLAN SUPPORTED="OFF"/>
<ALIAS> SDI </ALIAS>
<ALIAS> Clocked Audio Input v12.1</ALIAS>
<ALIAS> Clocked Audio Input v13.0</ALIAS>
<ALIAS> Clocked Audio Input v13.1</ALIAS>
<ALIAS> Clocked Audio Input v14.0</ALIAS>
<ALIAS> Clocked Audio Input v14.1</ALIAS>
<ALIAS> Clocked Audio Input v15.0</ALIAS>
<ALIAS> Clocked Audio Input v15.1</ALIAS>
<ALIAS> Clocked Audio Input v16.0</ALIAS>
<ALIAS> Clocked Audio Input v16.1</ALIAS>
<ALIAS> Clocked Audio Input v17.0</ALIAS>
<ALIAS> Intel FPGA Clocked Audio Input v17.1</ALIAS>
<ALIAS> Clocked Audio Input Intel FPGA IP v18.0</ALIAS>
</INFO>
