Flow report for NiosV
Fri Mar  6 11:46:46 2026
Quartus Prime Version 24.1std.0 Build 1077 03/04/2025 SC Lite Edition


---------------------
; Table of Contents ;
---------------------
  1. Legal Notice
  2. Flow Summary
  3. Flow Settings
  4. Flow Non-Default Global Settings
  5. Flow Elapsed Time
  6. Flow OS Summary
  7. Flow Log
  8. Flow Messages
  9. Flow Suppressed Messages



----------------
; Legal Notice ;
----------------
Copyright (C) 2025  Altera Corporation. All rights reserved.
Your use of Altera Corporation's design tools, logic functions 
and other software and tools, and any partner logic 
functions, and any output files from any of the foregoing 
(including device programming or simulation files), and any 
associated documentation or information are expressly subject 
to the terms and conditions of the Altera Program License 
Subscription Agreement, the Altera Quartus Prime License Agreement,
the Altera IP License Agreement, or other applicable license
agreement, including, without limitation, that your use is for
the sole purpose of programming logic devices manufactured by
Altera and sold by Altera or its authorized distributors.  Please
refer to the Altera Software License Subscription Agreements 
on the Quartus Prime software download page.



+-----------------------------------------------------------------------------------+
; Flow Summary                                                                      ;
+---------------------------------+-------------------------------------------------+
; Flow Status                     ; Successful - Fri Mar  6 11:46:37 2026           ;
; Quartus Prime Version           ; 24.1std.0 Build 1077 03/04/2025 SC Lite Edition ;
; Revision Name                   ; NiosV                                           ;
; Top-level Entity Name           ; NiosV_top                                       ;
; Family                          ; Cyclone V                                       ;
; Device                          ; 5CSXFC6D6F31C6                                  ;
; Timing Models                   ; Final                                           ;
; Logic utilization (in ALMs)     ; 710 / 41,910 ( 2 % )                            ;
; Total registers                 ; 1041                                            ;
; Total pins                      ; 18 / 499 ( 4 % )                                ;
; Total virtual pins              ; 0                                               ;
; Total block memory bits         ; 330,752 / 5,662,720 ( 6 % )                     ;
; Total DSP Blocks                ; 0 / 112 ( 0 % )                                 ;
; Total HSSI RX PCSs              ; 0 / 9 ( 0 % )                                   ;
; Total HSSI PMA RX Deserializers ; 0 / 9 ( 0 % )                                   ;
; Total HSSI TX PCSs              ; 0 / 9 ( 0 % )                                   ;
; Total HSSI PMA TX Serializers   ; 0 / 9 ( 0 % )                                   ;
; Total PLLs                      ; 0 / 15 ( 0 % )                                  ;
; Total DLLs                      ; 0 / 4 ( 0 % )                                   ;
+---------------------------------+-------------------------------------------------+


+-----------------------------------------+
; Flow Settings                           ;
+-------------------+---------------------+
; Option            ; Setting             ;
+-------------------+---------------------+
; Start date & time ; 03/06/2026 11:44:53 ;
; Main task         ; Compilation         ;
; Revision Name     ; NiosV               ;
+-------------------+---------------------+


+-----------------------------------------------------------------------------------------------------------------------------------------------------------------+
; Flow Non-Default Global Settings                                                                                                                                ;
+-------------------------------------+---------------------------------------------------------+---------------+-------------+-----------------------------------+
; Assignment Name                     ; Value                                                   ; Default Value ; Entity Name ; Section Id                        ;
+-------------------------------------+---------------------------------------------------------+---------------+-------------+-----------------------------------+
; COMPILER_SIGNATURE_ID               ; 140870670246341.177276869321535                         ; --            ; --          ; --                                ;
; EDA_GENERATE_FUNCTIONAL_NETLIST     ; Off                                                     ; --            ; --          ; eda_board_design_timing           ;
; EDA_GENERATE_FUNCTIONAL_NETLIST     ; Off                                                     ; --            ; --          ; eda_board_design_boundary_scan    ;
; EDA_GENERATE_FUNCTIONAL_NETLIST     ; Off                                                     ; --            ; --          ; eda_board_design_signal_integrity ;
; EDA_GENERATE_FUNCTIONAL_NETLIST     ; Off                                                     ; --            ; --          ; eda_board_design_symbol           ;
; EDA_OUTPUT_DATA_FORMAT              ; Verilog Hdl                                             ; --            ; --          ; eda_simulation                    ;
; MAX_CORE_JUNCTION_TEMP              ; 85                                                      ; --            ; --          ; --                                ;
; MIN_CORE_JUNCTION_TEMP              ; 0                                                       ; --            ; --          ; --                                ;
; MISC_FILE                           ; NiosV/synthesis/../NiosV.cmp                            ; --            ; --          ; --                                ;
; MISC_FILE                           ; NiosV/synthesis/../../NiosV.qsys                        ; --            ; --          ; --                                ;
; PARTITION_COLOR                     ; -- (Not supported for targeted family)                  ; --            ; NiosV_top   ; Top                               ;
; PARTITION_FITTER_PRESERVATION_LEVEL ; -- (Not supported for targeted family)                  ; --            ; NiosV_top   ; Top                               ;
; PARTITION_NETLIST_TYPE              ; -- (Not supported for targeted family)                  ; --            ; NiosV_top   ; Top                               ;
; POWER_BOARD_THERMAL_MODEL           ; None (CONSERVATIVE)                                     ; --            ; --          ; --                                ;
; POWER_PRESET_COOLING_SOLUTION       ; 23 MM HEAT SINK WITH 200 LFPM AIRFLOW                   ; --            ; --          ; --                                ;
; PROJECT_OUTPUT_DIRECTORY            ; output_files                                            ; --            ; --          ; --                                ;
; SLD_FILE                            ; NiosV/synthesis/NiosV.regmap                            ; --            ; --          ; --                                ;
; SLD_FILE                            ; NiosV/synthesis/NiosV.debuginfo                         ; --            ; --          ; --                                ;
; SLD_INFO                            ; QSYS_NAME NiosV HAS_SOPCINFO 1 GENERATION_ID 1772767914 ; --            ; --          ; --                                ;
; SOPCINFO_FILE                       ; NiosV/synthesis/../../NiosV.sopcinfo                    ; --            ; --          ; --                                ;
; SYNTHESIS_ONLY_QIP                  ; On                                                      ; --            ; --          ; --                                ;
; TOP_LEVEL_ENTITY                    ; NiosV_top                                               ; NiosV         ; --          ; --                                ;
+-------------------------------------+---------------------------------------------------------+---------------+-------------+-----------------------------------+


+--------------------------------------------------------------------------------------------------------------------------+
; Flow Elapsed Time                                                                                                        ;
+----------------------+--------------+-------------------------+---------------------+------------------------------------+
; Module Name          ; Elapsed Time ; Average Processors Used ; Peak Virtual Memory ; Total CPU Time (on all processors) ;
+----------------------+--------------+-------------------------+---------------------+------------------------------------+
; Analysis & Synthesis ; 00:00:32     ; 1.0                     ; 589 MB              ; 00:00:54                           ;
; Fitter               ; 00:00:54     ; 1.1                     ; 1905 MB             ; 00:01:49                           ;
; Assembler            ; 00:00:10     ; 1.0                     ; 468 MB              ; 00:00:08                           ;
; Timing Analyzer      ; 00:00:08     ; 1.7                     ; 877 MB              ; 00:00:12                           ;
; Total                ; 00:01:44     ; --                      ; --                  ; 00:03:03                           ;
+----------------------+--------------+-------------------------+---------------------+------------------------------------+


+---------------------------------------------------------------------------------------------+
; Flow OS Summary                                                                             ;
+----------------------+------------------------------+---------+------------+----------------+
; Module Name          ; Machine Hostname             ; OS Name ; OS Version ; Processor type ;
+----------------------+------------------------------+---------+------------+----------------+
; Analysis & Synthesis ; rissun57-HP-EliteBook-840-G2 ; Ubuntu  ; 24         ; x86_64         ;
; Fitter               ; rissun57-HP-EliteBook-840-G2 ; Ubuntu  ; 24         ; x86_64         ;
; Assembler            ; rissun57-HP-EliteBook-840-G2 ; Ubuntu  ; 24         ; x86_64         ;
; Timing Analyzer      ; rissun57-HP-EliteBook-840-G2 ; Ubuntu  ; 24         ; x86_64         ;
+----------------------+------------------------------+---------+------------+----------------+


------------
; Flow Log ;
------------
quartus_map --read_settings_files=on --write_settings_files=off NiosV -c NiosV
quartus_fit --read_settings_files=off --write_settings_files=off NiosV -c NiosV
quartus_asm --read_settings_files=off --write_settings_files=off NiosV -c NiosV
quartus_sta NiosV -c NiosV



