[Interface Protocols|Transceiver PLL]
Cyclone V Transceiver PLL Intel FPGA IP = "%t" "%w/../../../common/lib/megawizard.pl" --wizard_file:"%w/tcl/altera_xcvr_pll_cv_hw.tcl" --wizard:altera_xcvr_pll_cv --familyparameter:DEVICE_FAMILY --cusp_ip:true --early_gen:on  %f %o %h
<INFO>
<QIP_FILE_ENABLED/>
<ACCEPT_OTHER_CNX VALUE="ON"/>
<VISIBILITY FOR_CREATE="ON"/>
<DEVICE_FAMILY   SUPPORTED="NONE | Cyclone V"   SUPPORT_CHECK="ON" /> 
<LANGUAGES   AHDL="OFF" />
<PINPLAN SUPPORTED="OFF"/>
<ALIAS>Cyclone V Transceiver PLL</ALIAS>
<ALIAS>Cyclone V Transceiver PLL v13.0</ALIAS>
<ALIAS>Cyclone V Transceiver PLL v13.1</ALIAS>
<ALIAS>Cyclone V Transceiver PLL v14.0</ALIAS>
<ALIAS>Cyclone V Transceiver PLL v14.1</ALIAS>
<ALIAS>Cyclone V Transceiver PLL v15.0</ALIAS>
<ALIAS>Cyclone V Transceiver PLL v15.1</ALIAS>
<ALIAS>Cyclone V Transceiver PLL v16.0</ALIAS>
<ALIAS>Cyclone V Transceiver PLL v16.1</ALIAS>
<ALIAS>Cyclone V Transceiver PLL v17.0</ALIAS>
<ALIAS>Cyclone V Transceiver PLL v17.1</ALIAS>
<ALIAS>Cyclone V Transceiver PLL v18.0</ALIAS>
<ALIAS>Cyclone V Transceiver PLL Intel FPGA IP v18.0</ALIAS>
</INFO>
