[Memory Interfaces and Controllers|Memory Interfaces with UniPHY]
RLDRAM 3 UniPHY Intel FPGA IP= "%t" "%w/../../../common/lib/megawizard.pl" --wizard_file:"%w/alt_mem_if_rldram3_emif_hw.tcl" --wizard:altera_mem_if_rldram3_emif --unencrypted:Verilog --familyParameter:SYS_INFO_DEVICE_FAMILY --early_gen:on --example_variation_file:text --librarian-path:"%w/*_hw.tcl,$" %f %o %h 
<INFO>
<QIP_FILE_ENABLED/>
<ACCEPT_OTHER_CNX VALUE="ON"/>
<DEVICE_FAMILY   SUPPORTED="NONE | Stratix V | Arria V GZ"   SUPPORT_CHECK="ON" />
<LANGUAGES   AHDL="OFF" />
<PINPLAN SUPPORTED="ON"/>
<ALIAS>RLDRAM 3 UniPHY Intel FPGA IP v18.1</ALIAS>
<ALIAS>RLDRAM 3 UniPHY Intel FPGA IP v18.0</ALIAS>
<ALIAS>RLDRAM 3 UniPHY Intel FPGA IP</ALIAS>
<ALIAS>RLDRAM 3 UniPHY v17.1</ALIAS>
<ALIAS>RLDRAM 3 UniPHY v17.0</ALIAS>
<ALIAS>RLDRAM 3 UniPHY v16.1</ALIAS>
<ALIAS>RLDRAM 3 UniPHY v16.0</ALIAS>
<ALIAS>RLDRAM 3 UniPHY v15.1</ALIAS>
<ALIAS>RLDRAM 3 UniPHY v15.0</ALIAS>
<ALIAS>RLDRAM 3 UniPHY v14.1</ALIAS>
<ALIAS>RLDRAM 3 UniPHY v14.0</ALIAS>
<ALIAS>RLDRAM 3 UniPHY v13.1</ALIAS>
<ALIAS>RLDRAM 3 UniPHY v13.0</ALIAS>
<ALIAS>RLDRAM 3 UniPHY v12.1</ALIAS>
<ALIAS>RLDRAM 3 UniPHY v12.0</ALIAS>
</INFO>
